Drill report for ibm5161-backplane.kicad_pcb
Created on 8/20/2023 10:51:25 PM

Copper Layer Stackup:
    =============================================================
    L1 :  F.Cu                      front
    L2 :  B.Cu                      back


Drill file 'ibm5161-backplane-PTH.drl' contains
    plated through holes:
    =============================================================
    T1  0.500mm  0.0197"  (9 holes)
    T2  0.750mm  0.0295"  (7 holes)
    T3  0.800mm  0.0315"  (144 holes)
    T4  1.000mm  0.0394"  (29 holes)
    T5  1.000mm  0.0394"  (496 holes)
    T6  1.250mm  0.0492"  (9 holes)
    T7  1.500mm  0.0591"  (2 holes)
    T8  1.850mm  0.0728"  (12 holes)
    T9  2.540mm  0.1000"  (3 holes)
    T10  4.000mm  0.1575"  (1 hole)

    Total plated holes count 712


Drill file 'ibm5161-backplane-NPTH.drl' contains
    unplated through holes:
    =============================================================

    Total unplated holes count 0
